[2016-04-25 20:02:01,116][INFO ][node                     ] [Blackbird] version[2.3.1], pid[8399], build[bd98092/2016-04-04T12:25:05Z]
[2016-04-25 20:02:01,117][INFO ][node                     ] [Blackbird] initializing ...
[2016-04-25 20:02:01,671][INFO ][plugins                  ] [Blackbird] modules [reindex, lang-expression, lang-groovy], plugins [], sites []
[2016-04-25 20:02:01,699][INFO ][env                      ] [Blackbird] using [1] data paths, mounts [[/ (/dev/disk1)]], net usable_space [389.8gb], net total_space [464.8gb], spins? [unknown], types [hfs]
[2016-04-25 20:02:01,699][INFO ][env                      ] [Blackbird] heap size [989.8mb], compressed ordinary object pointers [true]
[2016-04-25 20:02:01,700][WARN ][env                      ] [Blackbird] max file descriptors [10240] for elasticsearch process likely too low, consider increasing to at least [65536]
[2016-04-25 20:02:03,321][INFO ][node                     ] [Blackbird] initialized
[2016-04-25 20:02:03,321][INFO ][node                     ] [Blackbird] starting ...
[2016-04-25 20:02:03,403][INFO ][transport                ] [Blackbird] publish_address {127.0.0.1:9300}, bound_addresses {[fe80::1]:9300}, {[::1]:9300}, {127.0.0.1:9300}
[2016-04-25 20:02:03,408][INFO ][discovery                ] [Blackbird] elasticsearch/QVWLMoP_Rh6mAT7Hge9BQw
[2016-04-25 20:02:06,443][INFO ][cluster.service          ] [Blackbird] new_master {Blackbird}{QVWLMoP_Rh6mAT7Hge9BQw}{127.0.0.1}{127.0.0.1:9300}, reason: zen-disco-join(elected_as_master, [0] joins received)
[2016-04-25 20:02:06,457][INFO ][http                     ] [Blackbird] publish_address {127.0.0.1:9200}, bound_addresses {[fe80::1]:9200}, {[::1]:9200}, {127.0.0.1:9200}
[2016-04-25 20:02:06,457][INFO ][node                     ] [Blackbird] started
[2016-04-25 20:02:06,510][INFO ][gateway                  ] [Blackbird] recovered [5] indices into cluster_state
[2016-04-25 20:02:06,922][INFO ][cluster.routing.allocation] [Blackbird] Cluster health status changed from [RED] to [YELLOW] (reason: [shards started [[blogs][2], [blogs][2], [blogs][0], [blogs][0]] ...]).
[2016-04-25 20:04:38,316][INFO ][cluster.metadata         ] [Blackbird] [.kibana] create_mapping [index-pattern]
[2016-04-25 20:09:03,368][INFO ][cluster.metadata         ] [Blackbird] [songs] creating index, cause [auto(index api)], templates [], shards [5]/[1], mappings [lyrics]
[2016-04-25 20:09:03,423][INFO ][cluster.routing.allocation] [Blackbird] Cluster health status changed from [RED] to [YELLOW] (reason: [shards started [[songs][4]] ...]).
[2016-04-25 20:09:03,434][INFO ][cluster.metadata         ] [Blackbird] [songs] update_mapping [lyrics]
[2016-04-25 20:09:15,904][DEBUG][action.index             ] [Blackbird] failed to execute [index {[songs][lyrics][724], source[{"url": "http://mldb.org/song-66496-jimmy-cliff-you-can-get-it-if-you-really-want.html", "artist": "Jimmy Cliff", "song" : "You Can Get It If You Really Want ", "album" : "Soundtracks (other tracks)", "lyrics" : " the lyrics  You can get it if you really want  You can get it if you really want  You can get it if you really want  But you must try, try and try  Try and try, you'll succeed at last   Persecution you must bear  Win or lose you've got to get your share  Got your mind set on a dream  You can get it, though harder them seem now   You can get it if you really want  You can get it if you really want  You can get it if you really want  But you must try, try and try  Try and try, you'll succeed at last  I know it, listen   Rome was not built in a day  Opposition will come your way  But the hotter the battle you see  It\'s the sweeter the victory, now   You can get it if you really want  You can get it if you really want  You can get it if you really want  But you must try, try and try  Try and try, you'll succeed at last   You can get it if you really want  You can get it if you really want  You can get it if you really want  But you must try, try and try  Try and try, you'll succeed at last   You can get it if you really want - I know it  You can get it if you really want - though I show it  You can get it if you really want  - so don't give up now "}
]}] on [[songs][2]]
MapperParsingException[failed to parse [lyrics]]; nested: JsonParseException[Unrecognized character escape ''' (code 39)
 at [Source: org.elasticsearch.common.io.stream.InputStreamStreamInput@45ea938a; line: 1, column: 838]];
	at org.elasticsearch.index.mapper.FieldMapper.parse(FieldMapper.java:329)
	at org.elasticsearch.index.mapper.DocumentParser.parseObjectOrField(DocumentParser.java:309)
	at org.elasticsearch.index.mapper.DocumentParser.parseValue(DocumentParser.java:436)
	at org.elasticsearch.index.mapper.DocumentParser.parseObject(DocumentParser.java:262)
	at org.elasticsearch.index.mapper.DocumentParser.parseDocument(DocumentParser.java:122)
	at org.elasticsearch.index.mapper.DocumentMapper.parse(DocumentMapper.java:309)
	at org.elasticsearch.index.shard.IndexShard.prepareIndex(IndexShard.java:580)
	at org.elasticsearch.index.shard.IndexShard.prepareIndexOnPrimary(IndexShard.java:559)
	at org.elasticsearch.action.index.TransportIndexAction.prepareIndexOperationOnPrimary(TransportIndexAction.java:212)
	at org.elasticsearch.action.index.TransportIndexAction.executeIndexRequestOnPrimary(TransportIndexAction.java:224)
	at org.elasticsearch.action.index.TransportIndexAction.shardOperationOnPrimary(TransportIndexAction.java:158)
	at org.elasticsearch.action.index.TransportIndexAction.shardOperationOnPrimary(TransportIndexAction.java:66)
	at org.elasticsearch.action.support.replication.TransportReplicationAction$PrimaryPhase.doRun(TransportReplicationAction.java:639)
	at org.elasticsearch.common.util.concurrent.AbstractRunnable.run(AbstractRunnable.java:37)
	at org.elasticsearch.action.support.replication.TransportReplicationAction$PrimaryOperationTransportHandler.messageReceived(TransportReplicationAction.java:279)
	at org.elasticsearch.action.support.replication.TransportReplicationAction$PrimaryOperationTransportHandler.messageReceived(TransportReplicationAction.java:271)
	at org.elasticsearch.transport.RequestHandlerRegistry.processMessageReceived(RequestHandlerRegistry.java:75)
	at org.elasticsearch.transport.TransportService$4.doRun(TransportService.java:376)
	at org.elasticsearch.common.util.concurrent.AbstractRunnable.run(AbstractRunnable.java:37)
	at java.util.concurrent.ThreadPoolExecutor.runWorker(ThreadPoolExecutor.java:1142)
	at java.util.concurrent.ThreadPoolExecutor$Worker.run(ThreadPoolExecutor.java:617)
	at java.lang.Thread.run(Thread.java:745)
Caused by: com.fasterxml.jackson.core.JsonParseException: Unrecognized character escape ''' (code 39)
 at [Source: org.elasticsearch.common.io.stream.InputStreamStreamInput@45ea938a; line: 1, column: 838]
	at com.fasterxml.jackson.core.JsonParser._constructError(JsonParser.java:1581)
	at com.fasterxml.jackson.core.base.ParserMinimalBase._reportError(ParserMinimalBase.java:533)
	at com.fasterxml.jackson.core.base.ParserMinimalBase._handleUnrecognizedCharacterEscape(ParserMinimalBase.java:510)
	at com.fasterxml.jackson.core.json.UTF8StreamJsonParser._decodeEscaped(UTF8StreamJsonParser.java:3171)
	at com.fasterxml.jackson.core.json.UTF8StreamJsonParser._finishString2(UTF8StreamJsonParser.java:2456)
	at com.fasterxml.jackson.core.json.UTF8StreamJsonParser._finishAndReturnString(UTF8StreamJsonParser.java:2411)
	at com.fasterxml.jackson.core.json.UTF8StreamJsonParser.getText(UTF8StreamJsonParser.java:285)
	at org.elasticsearch.common.xcontent.json.JsonXContentParser.text(JsonXContentParser.java:84)
	at org.elasticsearch.common.xcontent.support.AbstractXContentParser.textOrNull(AbstractXContentParser.java:194)
	at org.elasticsearch.index.mapper.core.StringFieldMapper.parseCreateFieldForString(StringFieldMapper.java:368)
	at org.elasticsearch.index.mapper.core.StringFieldMapper.parseCreateField(StringFieldMapper.java:311)
	at org.elasticsearch.index.mapper.FieldMapper.parse(FieldMapper.java:321)
	... 21 more
